<?xml version="1.0" encoding="UTF-8"?>
<!-- Generated by org.testng.reporters.JUnitReportReporter -->
<testsuite hostname="DESKTOP-BKE9C99" failures="0" tests="1" name="crossBrowserTesting.TolearnCrossBrowserTesting" time="4.133" errors="0" timestamp="2023-12-26T15:54:09 IST" skipped="0">
  <testcase classname="crossBrowserTesting.TolearnCrossBrowserTesting" name="demoWebShop" time="4.133"/>
  <system-out/>
</testsuite> <!-- crossBrowserTesting.TolearnCrossBrowserTesting -->
