<?xml version="1.0" encoding="UTF-8"?>
<!-- Generated by org.testng.reporters.JUnitReportReporter -->
<testsuite hostname="DESKTOP-BKE9C99" failures="0" tests="1" name="testNg.IBM" time="9.683" errors="0" timestamp="2024-02-19T14:15:40 IST" skipped="0">
  <testcase classname="testNg.IBM" name="ibm" time="9.683"/>
  <system-out>
    <![CDATA[IBM executes.....]]>
  </system-out>
</testsuite> <!-- testNg.IBM -->
