<?xml version="1.0" encoding="UTF-8"?>
<!-- Generated by org.testng.reporters.JUnitReportReporter -->
<testsuite hostname="DESKTOP-BKE9C99" failures="0" tests="1" name="testNg.Wipro" time="10.429" errors="0" timestamp="2024-02-19T14:15:40 IST" skipped="0">
  <testcase classname="testNg.Wipro" name="wipro" time="10.429"/>
  <system-out>
    <![CDATA[Wipro executes....]]>
  </system-out>
</testsuite> <!-- testNg.Wipro -->
