<?xml version="1.0" encoding="UTF-8"?>
<!-- Generated by org.testng.reporters.JUnitReportReporter -->
<testsuite hostname="DESKTOP-BKE9C99" failures="0" tests="2" name="testNg.TolearnannotationAttributes" time="0.010" errors="0" timestamp="2024-02-06T17:40:20 IST" skipped="0">
  <testcase classname="testNg.TolearnannotationAttributes" name="students" time="0.008"/>
  <system-out>
    <![CDATA[students executes()]]>
  </system-out>
  <testcase classname="testNg.TolearnannotationAttributes" name="college" time="0.002"/>
  <system-out>
    <![CDATA[college executes()]]>
  </system-out>
</testsuite> <!-- testNg.TolearnannotationAttributes -->
