<?xml version="1.0" encoding="UTF-8"?>
<!-- Generated by org.testng.reporters.JUnitReportReporter -->
<testsuite hostname="DESKTOP-BKE9C99" failures="0" tests="1" name="testNg.TCS" time="8.807" errors="0" timestamp="2024-02-19T14:15:40 IST" skipped="0">
  <testcase classname="testNg.TCS" name="tCS" time="8.807"/>
  <system-out>
    <![CDATA[TCS executes.....]]>
  </system-out>
</testsuite> <!-- testNg.TCS -->
