<?xml version="1.0" encoding="UTF-8"?>
<!-- Generated by org.testng.reporters.JUnitReportReporter -->
<testsuite hostname="DESKTOP-BKE9C99" failures="0" tests="1" name="Practise_batch.Tyss" time="16.512" errors="0" timestamp="2024-02-19T15:35:59 IST" skipped="0">
  <testcase classname="Practise_batch.Tyss" name="test_yantra" time="16.512"/>
  <system-out>
    <![CDATA[testyntra executes....]]>
  </system-out>
</testsuite> <!-- Practise_batch.Tyss -->
