<?xml version="1.0" encoding="UTF-8"?>
<!-- Generated by org.testng.reporters.JUnitReportReporter -->
<testsuite hostname="DESKTOP-BKE9C99" failures="0" tests="1" name="testNg.Configuration_Annotation" time="0.009" errors="0" timestamp="2023-12-26T10:53:01 IST" skipped="0">
  <testcase classname="testNg.Configuration_Annotation" name="test" time="0.009"/>
  <system-out>
    <![CDATA[test executes()]]>
  </system-out>
</testsuite> <!-- testNg.Configuration_Annotation -->
