<?xml version="1.0" encoding="UTF-8"?>
<!-- Generated by org.testng.reporters.JUnitReportReporter -->
<testsuite hostname="DESKTOP-BKE9C99" failures="0" tests="1" name="list.LISt_flipkart" time="6.638" errors="0" timestamp="2024-02-13T16:23:44 IST" skipped="0">
  <testcase classname="list.LISt_flipkart" name="list" time="6.638"/>
  <system-out/>
</testsuite> <!-- list.LISt_flipkart -->
