<?xml version="1.0" encoding="UTF-8"?>
<!-- Generated by org.testng.reporters.JUnitReportReporter -->
<testsuite hostname="DESKTOP-BKE9C99" failures="0" tests="4" name="testNg.TolearnEnabled" time="17.759" errors="0" timestamp="2023-12-23T11:34:00 IST" skipped="1">
  <testcase classname="testNg.TolearnEnabled" name="login" time="6.082"/>
  <system-out>
    <![CDATA[login executes()]]>
  </system-out>
  <testcase classname="testNg.TolearnEnabled" name="login" time="5.840"/>
  <system-out>
    <![CDATA[login executes()]]>
  </system-out>
  <testcase classname="testNg.TolearnEnabled" name="login" time="5.837"/>
  <system-out>
    <![CDATA[login executes()]]>
  </system-out>
  <testcase classname="testNg.TolearnEnabled" name="Register">
    <skipped/>
  </testcase> <!-- Register -->
  <system-out/>
</testsuite> <!-- testNg.TolearnEnabled -->
