<?xml version="1.0" encoding="UTF-8"?>
<!-- Generated by org.testng.reporters.JUnitReportReporter -->
<testsuite hostname="DESKTOP-BKE9C99" failures="0" tests="3" name="testNg.TolearnInvocation" time="22.712" errors="0" timestamp="2024-02-19T14:11:59 IST" skipped="0">
  <testcase classname="testNg.TolearnInvocation" name="login" time="14.259"/>
  <system-out>
    <![CDATA[login executes()]]>
  </system-out>
  <testcase classname="testNg.TolearnInvocation" name="login" time="4.104"/>
  <system-out>
    <![CDATA[login executes()]]>
  </system-out>
  <testcase classname="testNg.TolearnInvocation" name="login" time="4.349"/>
  <system-out>
    <![CDATA[login executes()]]>
  </system-out>
</testsuite> <!-- testNg.TolearnInvocation -->
