<?xml version="1.0" encoding="UTF-8"?>
<!-- Generated by org.testng.reporters.JUnitReportReporter -->
<testsuite hostname="DESKTOP-BKE9C99" failures="0" tests="2" name="dataProvider.TolearnDataProvider" time="11.715" errors="0" timestamp="2024-01-09T17:34:25 IST" skipped="0">
  <testcase classname="dataProvider.TolearnDataProvider" name="Login" time="7.359"/>
  <system-out/>
  <testcase classname="dataProvider.TolearnDataProvider" name="Login" time="4.356"/>
  <system-out/>
</testsuite> <!-- dataProvider.TolearnDataProvider -->
