<?xml version="1.0" encoding="UTF-8"?>
<!-- Generated by org.testng.reporters.JUnitReportReporter -->
<testsuite hostname="DESKTOP-BKE9C99" failures="0" tests="1" name="Practise_batch.TCSp" time="3.184" errors="0" timestamp="2024-02-19T15:48:45 IST" skipped="0">
  <testcase classname="Practise_batch.TCSp" name="tCS" time="3.184"/>
  <system-out>
    <![CDATA[TCS executes.....]]>
  </system-out>
</testsuite> <!-- Practise_batch.TCSp -->
