<?xml version="1.0" encoding="UTF-8"?>
<!-- Generated by org.testng.reporters.JUnitReportReporter -->
<testsuite hostname="DESKTOP-BKE9C99" failures="0" tests="4" name="testNg.TolearntestNG" time="0.019" errors="0" timestamp="2023-12-23T10:40:23 IST" skipped="0">
  <testcase classname="testNg.TolearntestNG" name="sample" time="0.001"/>
  <system-out>
    <![CDATA[sample executes()]]>
  </system-out>
  <testcase classname="testNg.TolearntestNG" name="demo" time="0.002"/>
  <system-out>
    <![CDATA[welcome to selenium]]>
  </system-out>
  <testcase classname="testNg.TolearntestNG" name="job" time="0.008"/>
  <system-out>
    <![CDATA[job executes()]]>
  </system-out>
  <testcase classname="testNg.TolearntestNG" name="college" time="0.008"/>
  <system-out>
    <![CDATA[college executes()]]>
  </system-out>
</testsuite> <!-- testNg.TolearntestNG -->
