<?xml version="1.0" encoding="UTF-8"?>
<!-- Generated by org.testng.reporters.JUnitReportReporter -->
<testsuite hostname="DESKTOP-BKE9C99" failures="0" tests="1" name="testNg.ScriptClass" time="2.239" errors="0" timestamp="2023-12-26T11:29:02 IST" skipped="0">
  <testcase classname="testNg.ScriptClass" name="addTocart" time="2.239"/>
  <system-out>
    <![CDATA[product added to cart]]>
  </system-out>
</testsuite> <!-- testNg.ScriptClass -->
