<?xml version="1.0" encoding="UTF-8"?>
<!-- Generated by org.testng.reporters.JUnitReportReporter -->
<testsuite hostname="DESKTOP-BKE9C99" failures="0" tests="2" name="testNg.TolearntestNg_dws" time="7.794" errors="0" timestamp="2023-12-23T11:04:01 IST" skipped="0">
  <testcase classname="testNg.TolearntestNg_dws" name="Register" time="4.251"/>
  <system-out>
    <![CDATA[register executes()]]>
  </system-out>
  <testcase classname="testNg.TolearntestNg_dws" name="login" time="3.543"/>
  <system-out>
    <![CDATA[login executes()]]>
  </system-out>
</testsuite> <!-- testNg.TolearntestNg_dws -->
